<?xml version="1.0" encoding="UTF-8"?>
<!-- Generated by org.testng.reporters.JUnitXMLReporter -->
<testsuite ignored="1" hostname="DESKTOP-9Q7U01K" failures="0" tests="2" name="Test" time="3.58" errors="0" timestamp="23 Jul 2024 04:12:24 GMT">
  <testcase classname="com.orange.hrm.test.LoginTest" name="loginWithValidUserNameAndValidPassword" time="2.132"/>
  <testcase classname="com.orange.hrm.test.HomePageTest" name="logout" time="1.426"/>
  <testcase classname="com.orange.hrm.test.BaseTest" name="@BeforeSuite initDriver" time="0.0">
    <ignored/>
  </testcase> <!-- @BeforeSuite initDriver -->
</testsuite> <!-- Test -->
