<?xml version="1.0" encoding="UTF-8"?>
<!-- Generated by org.testng.reporters.JUnitXMLReporter -->
<testsuite ignored="1" hostname="DESKTOP-9Q7U01K" failures="0" tests="2" name="Test" time="3.486" errors="0" timestamp="22 Jul 2024 05:02:51 GMT">
  <testcase classname="com.orange.hrm.test.LoginTest" name="loginWithValidUserNameAndValidPassword" time="1.768"/>
  <testcase classname="com.orange.hrm.test.HomePageTest" name="logout" time="1.702"/>
  <testcase classname="com.orange.hrm.test.BaseTest" name="@BeforeSuite initDriver" time="0.0">
    <ignored/>
  </testcase> <!-- @BeforeSuite initDriver -->
</testsuite> <!-- Test -->
