<?xml version="1.0" encoding="UTF-8"?>
<testng-results ignored="1" total="3" passed="2" failed="0" skipped="0">
  <reporter-output>
  </reporter-output>
  <suite started-at="2024-07-23T04:12:20Z" name="Suite" finished-at="2024-07-23T04:12:24Z" duration-ms="3580">
    <groups>
    </groups>
    <test started-at="2024-07-23T04:12:20Z" name="Test" finished-at="2024-07-23T04:12:24Z" duration-ms="3580">
      <class name="com.orange.hrm.test.LoginTest">
        <test-method is-config="true" signature="initDriver()[pri:0, instance:com.orange.hrm.test.LoginTest@5c2375a9]" started-at="2024-07-23T09:42:07Z" name="initDriver" finished-at="2024-07-23T09:42:20Z" duration-ms="13193" status="PASS">
          <reporter-output>
          </reporter-output>
        </test-method> <!-- initDriver -->
        <test-method signature="loginWithValidUserNameAndValidPassword()[pri:0, instance:com.orange.hrm.test.LoginTest@5c2375a9]" started-at="2024-07-23T09:42:20Z" name="loginWithValidUserNameAndValidPassword" finished-at="2024-07-23T09:42:22Z" duration-ms="2132" status="PASS">
          <reporter-output>
          </reporter-output>
        </test-method> <!-- loginWithValidUserNameAndValidPassword -->
      </class> <!-- com.orange.hrm.test.LoginTest -->
      <class name="com.orange.hrm.test.HomePageTest">
        <test-method signature="logout()[pri:0, instance:com.orange.hrm.test.HomePageTest@60129b9a]" started-at="2024-07-23T09:42:22Z" name="logout" finished-at="2024-07-23T09:42:24Z" duration-ms="1426" status="PASS">
          <reporter-output>
          </reporter-output>
        </test-method> <!-- logout -->
      </class> <!-- com.orange.hrm.test.HomePageTest -->
    </test> <!-- Test -->
  </suite> <!-- Suite -->
</testng-results>
